DEBUG    - 2024-02-27 21:50:02,400. В функции wrapper ('1-й четверг ноября',) {} 2024-11-07 00:00:00
DEBUG    - 2024-02-27 21:50:02,400. В функции wrapper ('1-е воскресенье февраля',) {} 2024-02-04 00:00:00
DEBUG    - 2024-02-27 21:50:02,400. В функции wrapper ('5-й четверг февраля',) {} 2024-02-29 00:00:00
DEBUG    - 2024-02-27 21:50:02,400. В функции wrapper ('5-е воскресенье марта',) {} 2024-03-31 00:00:00
DEBUG    - 2024-02-27 21:50:02,400. В функции wrapper ('5-е воскресенье марта',) {} 2024-03-31 00:00:00
DEBUG    - 2024-02-27 21:50:02,400. В функции wrapper ('5-е пятница мая',) {} 2024-05-31 00:00:00
DEBUG    - 2024-02-27 21:50:54,806. В функции wrapper ('1-й четверг ноября',) {} 2024-11-07 00:00:00
DEBUG    - 2024-02-27 21:50:54,806. В функции wrapper ('1-е воскресенье февраля',) {} 2024-02-04 00:00:00
DEBUG    - 2024-02-27 21:50:54,806. В функции wrapper ('5-й четверг февраля',) {} 2024-02-29 00:00:00
DEBUG    - 2024-02-27 21:50:54,806. В функции wrapper ('5-е воскресенье марта',) {} 2024-03-31 00:00:00
DEBUG    - 2024-02-27 21:50:54,806. В функции wrapper ('5-е воскресенье марта',) {} 2024-03-31 00:00:00
DEBUG    - 2024-02-27 21:50:54,806. В функции wrapper ('5-е пятница мая',) {} 2024-05-31 00:00:00
DEBUG    - 2024-02-27 21:51:18,201. В функции wrapper ('1-й четверг ноября',) {} 2024-11-07 00:00:00
DEBUG    - 2024-02-27 21:51:18,201. В функции wrapper ('1-е воскресенье февраля',) {} 2024-02-04 00:00:00
DEBUG    - 2024-02-27 21:51:18,201. В функции wrapper ('5-й четверг февраля',) {} 2024-02-29 00:00:00
DEBUG    - 2024-02-27 21:51:18,201. В функции wrapper ('5-е воскресенье марта',) {} 2024-03-31 00:00:00
DEBUG    - 2024-02-27 21:51:18,201. В функции wrapper ('5-е воскресенье марта',) {} 2024-03-31 00:00:00
DEBUG    - 2024-02-27 21:51:18,201. В функции wrapper ('5-е пятница мая',) {} 2024-05-31 00:00:00
DEBUG    - 2024-02-28 10:58:52,936. В функции wrapper ('1 понедельник января',) {} 2024-01-01 00:00:00
DEBUG    - 2024-02-28 11:11:00,332. В функции wrapper ('1 понедельник января',) {} 2024-01-01 00:00:00
DEBUG    - 2024-02-28 11:17:53,228. В функции wrapper ('1 понедельник января',) {} 2024-01-01 00:00:00
